<?xml version="1.0" encoding="UTF-8"?>
<!-- Generated by org.testng.reporters.JUnitReportReporter -->
<testsuite skipped="0" hostname="Ofirs-Mac-mini" name="tests.DestinationsTest" tests="2" failures="0" timestamp="2023-01-19T21:43:59 IST" time="8.978" errors="0">
  <testcase name="tc_08_searchDestination" time="4.764" classname="tests.DestinationsTest"/>
  <system-out/>
  <testcase name="tc_07_goToDestinations" time="4.214" classname="tests.DestinationsTest"/>
  <system-out/>
</testsuite> <!-- tests.DestinationsTest -->
