<?xml version="1.0" encoding="UTF-8"?>
<!-- Generated by org.testng.reporters.JUnitReportReporter -->
<testsuite skipped="0" hostname="Ofirs-Mac-mini" name="tests.LoginTest" tests="6" failures="0" timestamp="2023-01-19T21:43:59 IST" time="11.858" errors="0">
  <testcase name="tc_06_chooseService" time="1.180" classname="tests.LoginTest"/>
  <system-out/>
  <testcase name="tc_05_loginAgain" time="2.242" classname="tests.LoginTest"/>
  <system-out/>
  <testcase name="tc_01_loginFailed" time="2.883" classname="tests.LoginTest"/>
  <system-out/>
  <testcase name="tc_03_login" time="1.701" classname="tests.LoginTest"/>
  <system-out/>
  <testcase name="tc_02_loginFailed2" time="2.271" classname="tests.LoginTest"/>
  <system-out/>
  <testcase name="tc_04_logout" time="1.581" classname="tests.LoginTest"/>
  <system-out/>
</testsuite> <!-- tests.LoginTest -->
