<?xml version="1.0" encoding="UTF-8"?>
<!-- Generated by org.testng.reporters.JUnitReportReporter -->
<testsuite skipped="0" hostname="Ofirs-Mac-mini" name="tests.EditProfileTest" tests="5" failures="0" timestamp="2023-01-19T21:43:59 IST" time="27.927" errors="0">
  <testcase name="tc_10_editBirthDay" time="12.233" classname="tests.EditProfileTest"/>
  <system-out/>
  <testcase name="tc_13_chooseFinancialStandard" time="4.755" classname="tests.EditProfileTest"/>
  <system-out/>
  <testcase name="tc_11_editName" time="3.313" classname="tests.EditProfileTest"/>
  <system-out/>
  <testcase name="tc_14_changePassword" time="2.752" classname="tests.EditProfileTest"/>
  <system-out/>
  <testcase name="tc_12_PurpuseTrip" time="4.874" classname="tests.EditProfileTest"/>
  <system-out/>
</testsuite> <!-- tests.EditProfileTest -->
